{"C:\\Users\\MF\\Desktop\\hash-router-app-example\\hash-router-app-boilerplate\\src\\env.d.ts": {"path":"C:\\Users\\MF\\Desktop\\hash-router-app-example\\hash-router-app-boilerplate\\src\\env.d.ts","statementMap":{},"fnMap":{},"branchMap":{},"s":{},"f":{},"b":{}}
,"C:\\Users\\MF\\Desktop\\hash-router-app-example\\hash-router-app-boilerplate\\src\\index.ts": {"path":"C:\\Users\\MF\\Desktop\\hash-router-app-example\\hash-router-app-boilerplate\\src\\index.ts","statementMap":{"0":{"start":{"line":4,"column":0},"end":{"line":4,"column":18}}},"fnMap":{},"branchMap":{},"s":{"0":0},"f":{},"b":{}}
,"C:\\Users\\MF\\Desktop\\hash-router-app-example\\hash-router-app-boilerplate\\src\\application\\index.ts": {"path":"C:\\Users\\MF\\Desktop\\hash-router-app-example\\hash-router-app-boilerplate\\src\\application\\index.ts","statementMap":{"0":{"start":{"line":12,"column":38},"end":{"line":12,"column":49}},"1":{"start":{"line":16,"column":8},"end":{"line":16,"column":35}},"2":{"start":{"line":17,"column":8},"end":{"line":17,"column":29}},"3":{"start":{"line":21,"column":8},"end":{"line":23,"column":69}},"4":{"start":{"line":27,"column":8},"end":{"line":30,"column":11}},"5":{"start":{"line":28,"column":12},"end":{"line":28,"column":55}},"6":{"start":{"line":29,"column":12},"end":{"line":29,"column":57}},"7":{"start":{"line":34,"column":8},"end":{"line":36,"column":11}},"8":{"start":{"line":35,"column":12},"end":{"line":35,"column":60}},"9":{"start":{"line":38,"column":8},"end":{"line":41,"column":11}}},"fnMap":{"0":{"name":"(anonymous_0)","decl":{"start":{"line":15,"column":4},"end":{"line":15,"column":5}},"loc":{"start":{"line":15,"column":12},"end":{"line":18,"column":5}},"line":15},"1":{"name":"(anonymous_1)","decl":{"start":{"line":20,"column":4},"end":{"line":20,"column":5}},"loc":{"start":{"line":20,"column":26},"end":{"line":24,"column":5}},"line":20},"2":{"name":"(anonymous_2)","decl":{"start":{"line":26,"column":4},"end":{"line":26,"column":5}},"loc":{"start":{"line":26,"column":20},"end":{"line":31,"column":5}},"line":26},"3":{"name":"(anonymous_3)","decl":{"start":{"line":27,"column":22},"end":{"line":27,"column":23}},"loc":{"start":{"line":27,"column":32},"end":{"line":30,"column":9}},"line":27},"4":{"name":"(anonymous_4)","decl":{"start":{"line":33,"column":4},"end":{"line":33,"column":5}},"loc":{"start":{"line":33,"column":50},"end":{"line":42,"column":5}},"line":33},"5":{"name":"(anonymous_5)","decl":{"start":{"line":34,"column":46},"end":{"line":34,"column":47}},"loc":{"start":{"line":34,"column":52},"end":{"line":36,"column":9}},"line":34}},"branchMap":{},"s":{"0":0,"1":0,"2":0,"3":0,"4":0,"5":0,"6":0,"7":0,"8":0,"9":0},"f":{"0":0,"1":0,"2":0,"3":0,"4":0,"5":0},"b":{}}
,"C:\\Users\\MF\\Desktop\\hash-router-app-example\\hash-router-app-boilerplate\\src\\application\\pages.ts": {"path":"C:\\Users\\MF\\Desktop\\hash-router-app-example\\hash-router-app-boilerplate\\src\\application\\pages.ts","statementMap":{"0":{"start":{"line":14,"column":21},"end":{"line":33,"column":1}}},"fnMap":{},"branchMap":{},"s":{"0":0},"f":{},"b":{}}
,"C:\\Users\\MF\\Desktop\\hash-router-app-example\\hash-router-app-boilerplate\\src\\application\\routes.ts": {"path":"C:\\Users\\MF\\Desktop\\hash-router-app-example\\hash-router-app-boilerplate\\src\\application\\routes.ts","statementMap":{"0":{"start":{"line":11,"column":22},"end":{"line":16,"column":1}}},"fnMap":{},"branchMap":{},"s":{"0":0},"f":{},"b":{}}
,"C:\\Users\\MF\\Desktop\\hash-router-app-example\\hash-router-app-boilerplate\\src\\application\\services.ts": {"path":"C:\\Users\\MF\\Desktop\\hash-router-app-example\\hash-router-app-boilerplate\\src\\application\\services.ts","statementMap":{"0":{"start":{"line":26,"column":8},"end":{"line":26,"column":30}},"1":{"start":{"line":30,"column":8},"end":{"line":30,"column":42}},"2":{"start":{"line":33,"column":22},"end":{"line":36,"column":5}},"3":{"start":{"line":34,"column":8},"end":{"line":34,"column":51}},"4":{"start":{"line":35,"column":8},"end":{"line":35,"column":20}}},"fnMap":{"0":{"name":"(anonymous_0)","decl":{"start":{"line":25,"column":4},"end":{"line":25,"column":5}},"loc":{"start":{"line":25,"column":26},"end":{"line":27,"column":5}},"line":25},"1":{"name":"(anonymous_1)","decl":{"start":{"line":29,"column":4},"end":{"line":29,"column":5}},"loc":{"start":{"line":29,"column":18},"end":{"line":31,"column":5}},"line":29},"2":{"name":"(anonymous_2)","decl":{"start":{"line":33,"column":22},"end":{"line":33,"column":23}},"loc":{"start":{"line":33,"column":88},"end":{"line":36,"column":5}},"line":33}},"branchMap":{},"s":{"0":1,"1":1,"2":1,"3":1,"4":1},"f":{"0":1,"1":1,"2":1},"b":{},"_coverageSchema":"1a1c01bbd47fc00a2c39e90264f33305004495a9","hash":"16602bbabe88bccf37dc065a236b25b82c30279d"}
,"C:\\Users\\MF\\Desktop\\hash-router-app-example\\hash-router-app-boilerplate\\src\\application\\helpers\\dependencyResolver.ts": {"path":"C:\\Users\\MF\\Desktop\\hash-router-app-example\\hash-router-app-boilerplate\\src\\application\\helpers\\dependencyResolver.ts","statementMap":{"0":{"start":{"line":18,"column":8},"end":{"line":18,"column":33}},"1":{"start":{"line":19,"column":8},"end":{"line":19,"column":26}},"2":{"start":{"line":23,"column":8},"end":{"line":23,"column":82}},"3":{"start":{"line":27,"column":43},"end":{"line":27,"column":61}},"4":{"start":{"line":28,"column":8},"end":{"line":28,"column":112}},"5":{"start":{"line":28,"column":68},"end":{"line":28,"column":95}}},"fnMap":{"0":{"name":"(anonymous_0)","decl":{"start":{"line":17,"column":4},"end":{"line":17,"column":5}},"loc":{"start":{"line":17,"column":39},"end":{"line":20,"column":5}},"line":17},"1":{"name":"(anonymous_1)","decl":{"start":{"line":22,"column":4},"end":{"line":22,"column":5}},"loc":{"start":{"line":22,"column":100},"end":{"line":24,"column":5}},"line":22},"2":{"name":"(anonymous_2)","decl":{"start":{"line":26,"column":4},"end":{"line":26,"column":5}},"loc":{"start":{"line":26,"column":65},"end":{"line":29,"column":5}},"line":26},"3":{"name":"(anonymous_3)","decl":{"start":{"line":28,"column":41},"end":{"line":28,"column":42}},"loc":{"start":{"line":28,"column":68},"end":{"line":28,"column":95}},"line":28}},"branchMap":{},"s":{"0":0,"1":0,"2":0,"3":0,"4":0,"5":0},"f":{"0":0,"1":0,"2":0,"3":0},"b":{}}
,"C:\\Users\\MF\\Desktop\\hash-router-app-example\\hash-router-app-boilerplate\\src\\application\\router\\index.ts": {"path":"C:\\Users\\MF\\Desktop\\hash-router-app-example\\hash-router-app-boilerplate\\src\\application\\router\\index.ts","statementMap":{"0":{"start":{"line":3,"column":13},"end":{"line":3,"column":17}},"1":{"start":{"line":12,"column":8},"end":{"line":12,"column":25}},"2":{"start":{"line":13,"column":8},"end":{"line":13,"column":43}},"3":{"start":{"line":14,"column":8},"end":{"line":14,"column":30}},"4":{"start":{"line":15,"column":8},"end":{"line":15,"column":27}},"5":{"start":{"line":17,"column":8},"end":{"line":17,"column":78}},"6":{"start":{"line":21,"column":8},"end":{"line":21,"column":43}},"7":{"start":{"line":22,"column":8},"end":{"line":22,"column":40}},"8":{"start":{"line":23,"column":22},"end":{"line":23,"column":54}},"9":{"start":{"line":25,"column":8},"end":{"line":27,"column":9}},"10":{"start":{"line":26,"column":12},"end":{"line":26,"column":58}},"11":{"start":{"line":29,"column":8},"end":{"line":29,"column":31}},"12":{"start":{"line":33,"column":8},"end":{"line":33,"column":43}},"13":{"start":{"line":34,"column":22},"end":{"line":34,"column":54}},"14":{"start":{"line":36,"column":8},"end":{"line":39,"column":9}},"15":{"start":{"line":37,"column":12},"end":{"line":37,"column":43}},"16":{"start":{"line":38,"column":12},"end":{"line":38,"column":68}},"17":{"start":{"line":41,"column":8},"end":{"line":41,"column":72}},"18":{"start":{"line":42,"column":8},"end":{"line":42,"column":23}},"19":{"start":{"line":46,"column":24},"end":{"line":46,"column":40}},"20":{"start":{"line":47,"column":8},"end":{"line":47,"column":64}},"21":{"start":{"line":51,"column":8},"end":{"line":51,"column":34}},"22":{"start":{"line":55,"column":24},"end":{"line":55,"column":39}},"23":{"start":{"line":56,"column":8},"end":{"line":56,"column":55}},"24":{"start":{"line":57,"column":8},"end":{"line":57,"column":20}},"25":{"start":{"line":61,"column":29},"end":{"line":61,"column":60}},"26":{"start":{"line":62,"column":8},"end":{"line":62,"column":30}},"27":{"start":{"line":66,"column":8},"end":{"line":66,"column":54}},"28":{"start":{"line":66,"column":41},"end":{"line":66,"column":52}},"29":{"start":{"line":71,"column":23},"end":{"line":71,"column":47}},"30":{"start":{"line":73,"column":24},"end":{"line":80,"column":9}},"31":{"start":{"line":75,"column":16},"end":{"line":79,"column":42}},"32":{"start":{"line":76,"column":48},"end":{"line":76,"column":54}},"33":{"start":{"line":77,"column":39},"end":{"line":77,"column":74}},"34":{"start":{"line":78,"column":20},"end":{"line":78,"column":59}},"35":{"start":{"line":82,"column":8},"end":{"line":82,"column":21}}},"fnMap":{"0":{"name":"(anonymous_0)","decl":{"start":{"line":11,"column":4},"end":{"line":11,"column":5}},"loc":{"start":{"line":11,"column":18},"end":{"line":18,"column":5}},"line":11},"1":{"name":"(anonymous_1)","decl":{"start":{"line":20,"column":4},"end":{"line":20,"column":5}},"loc":{"start":{"line":20,"column":59},"end":{"line":30,"column":5}},"line":20},"2":{"name":"(anonymous_2)","decl":{"start":{"line":32,"column":4},"end":{"line":32,"column":5}},"loc":{"start":{"line":32,"column":39},"end":{"line":43,"column":5}},"line":32},"3":{"name":"(anonymous_3)","decl":{"start":{"line":45,"column":4},"end":{"line":45,"column":5}},"loc":{"start":{"line":45,"column":22},"end":{"line":48,"column":5}},"line":45},"4":{"name":"(anonymous_4)","decl":{"start":{"line":50,"column":4},"end":{"line":50,"column":5}},"loc":{"start":{"line":50,"column":33},"end":{"line":52,"column":5}},"line":50},"5":{"name":"(anonymous_5)","decl":{"start":{"line":54,"column":4},"end":{"line":54,"column":5}},"loc":{"start":{"line":54,"column":70},"end":{"line":58,"column":5}},"line":54},"6":{"name":"(anonymous_6)","decl":{"start":{"line":60,"column":4},"end":{"line":60,"column":5}},"loc":{"start":{"line":60,"column":18},"end":{"line":63,"column":5}},"line":60},"7":{"name":"(anonymous_7)","decl":{"start":{"line":65,"column":4},"end":{"line":65,"column":5}},"loc":{"start":{"line":65,"column":31},"end":{"line":67,"column":5}},"line":65},"8":{"name":"(anonymous_8)","decl":{"start":{"line":66,"column":33},"end":{"line":66,"column":34}},"loc":{"start":{"line":66,"column":41},"end":{"line":66,"column":52}},"line":66},"9":{"name":"(anonymous_9)","decl":{"start":{"line":70,"column":4},"end":{"line":70,"column":5}},"loc":{"start":{"line":70,"column":27},"end":{"line":83,"column":5}},"line":70},"10":{"name":"(anonymous_10)","decl":{"start":{"line":74,"column":12},"end":{"line":74,"column":13}},"loc":{"start":{"line":75,"column":16},"end":{"line":79,"column":42}},"line":75},"11":{"name":"(anonymous_11)","decl":{"start":{"line":75,"column":41},"end":{"line":75,"column":42}},"loc":{"start":{"line":75,"column":64},"end":{"line":79,"column":17}},"line":75}},"branchMap":{"0":{"loc":{"start":{"line":25,"column":8},"end":{"line":27,"column":9}},"type":"if","locations":[{"start":{"line":25,"column":8},"end":{"line":27,"column":9}},{"start":{},"end":{}}],"line":25},"1":{"loc":{"start":{"line":36,"column":8},"end":{"line":39,"column":9}},"type":"if","locations":[{"start":{"line":36,"column":8},"end":{"line":39,"column":9}},{"start":{},"end":{}}],"line":36},"2":{"loc":{"start":{"line":41,"column":8},"end":{"line":41,"column":71}},"type":"binary-expr","locations":[{"start":{"line":41,"column":8},"end":{"line":41,"column":26}},{"start":{"line":41,"column":30},"end":{"line":41,"column":71}}],"line":41},"3":{"loc":{"start":{"line":78,"column":27},"end":{"line":78,"column":58}},"type":"binary-expr","locations":[{"start":{"line":78,"column":27},"end":{"line":78,"column":48}},{"start":{"line":78,"column":52},"end":{"line":78,"column":58}}],"line":78}},"s":{"0":1,"1":5,"2":5,"3":5,"4":5,"5":5,"6":0,"7":0,"8":0,"9":0,"10":0,"11":0,"12":3,"13":3,"14":3,"15":1,"16":1,"17":2,"18":2,"19":1,"20":1,"21":2,"22":2,"23":2,"24":2,"25":6,"26":6,"27":2,"28":2,"29":3,"30":3,"31":2,"32":4,"33":4,"34":4,"35":3},"f":{"0":5,"1":0,"2":3,"3":1,"4":2,"5":2,"6":6,"7":2,"8":2,"9":3,"10":2,"11":4},"b":{"0":[0,0],"1":[1,2],"2":[2,2],"3":[4,2]},"_coverageSchema":"1a1c01bbd47fc00a2c39e90264f33305004495a9","hash":"8258b2a5b3ed3592fb54a87e49068c4bf8623411"}
,"C:\\Users\\MF\\Desktop\\hash-router-app-example\\hash-router-app-boilerplate\\src\\application\\router\\router.interface.ts": {"path":"C:\\Users\\MF\\Desktop\\hash-router-app-example\\hash-router-app-boilerplate\\src\\application\\router\\router.interface.ts","statementMap":{},"fnMap":{},"branchMap":{},"s":{},"f":{},"b":{}}
,"C:\\Users\\MF\\Desktop\\hash-router-app-example\\hash-router-app-boilerplate\\src\\helpers\\index.ts": {"path":"C:\\Users\\MF\\Desktop\\hash-router-app-example\\hash-router-app-boilerplate\\src\\helpers\\index.ts","statementMap":{},"fnMap":{},"branchMap":{},"s":{},"f":{},"b":{}}
,"C:\\Users\\MF\\Desktop\\hash-router-app-example\\hash-router-app-boilerplate\\src\\helpers\\toFromJSMixin.ts": {"path":"C:\\Users\\MF\\Desktop\\hash-router-app-example\\hash-router-app-boilerplate\\src\\helpers\\toFromJSMixin.ts","statementMap":{"0":{"start":{"line":8,"column":29},"end":{"line":22,"column":5}},"1":{"start":{"line":9,"column":4},"end":{"line":22,"column":5}},"2":{"start":{"line":11,"column":12},"end":{"line":16,"column":14}},"3":{"start":{"line":13,"column":47},"end":{"line":13,"column":104}},"4":{"start":{"line":20,"column":12},"end":{"line":20,"column":39}}},"fnMap":{"0":{"name":"(anonymous_0)","decl":{"start":{"line":8,"column":29},"end":{"line":8,"column":30}},"loc":{"start":{"line":9,"column":4},"end":{"line":22,"column":5}},"line":9},"1":{"name":"(anonymous_1)","decl":{"start":{"line":10,"column":8},"end":{"line":10,"column":9}},"loc":{"start":{"line":10,"column":15},"end":{"line":17,"column":9}},"line":10},"2":{"name":"(anonymous_2)","decl":{"start":{"line":13,"column":20},"end":{"line":13,"column":21}},"loc":{"start":{"line":13,"column":47},"end":{"line":13,"column":104}},"line":13},"3":{"name":"(anonymous_3)","decl":{"start":{"line":19,"column":8},"end":{"line":19,"column":9}},"loc":{"start":{"line":19,"column":46},"end":{"line":21,"column":9}},"line":19}},"branchMap":{"0":{"loc":{"start":{"line":13,"column":67},"end":{"line":13,"column":102}},"type":"binary-expr","locations":[{"start":{"line":13,"column":68},"end":{"line":13,"column":73}},{"start":{"line":13,"column":77},"end":{"line":13,"column":93}},{"start":{"line":13,"column":98},"end":{"line":13,"column":102}}],"line":13}},"s":{"0":0,"1":0,"2":0,"3":0,"4":0},"f":{"0":0,"1":0,"2":0,"3":0},"b":{"0":[0,0,0]}}
,"C:\\Users\\MF\\Desktop\\hash-router-app-example\\hash-router-app-boilerplate\\src\\pages\\index.ts": {"path":"C:\\Users\\MF\\Desktop\\hash-router-app-example\\hash-router-app-boilerplate\\src\\pages\\index.ts","statementMap":{},"fnMap":{},"branchMap":{},"s":{},"f":{},"b":{}}
,"C:\\Users\\MF\\Desktop\\hash-router-app-example\\hash-router-app-boilerplate\\src\\pages\\base-page\\index.ts": {"path":"C:\\Users\\MF\\Desktop\\hash-router-app-example\\hash-router-app-boilerplate\\src\\pages\\base-page\\index.ts","statementMap":{},"fnMap":{},"branchMap":{},"s":{},"f":{},"b":{}}
,"C:\\Users\\MF\\Desktop\\hash-router-app-example\\hash-router-app-boilerplate\\src\\pages\\error\\index.ts": {"path":"C:\\Users\\MF\\Desktop\\hash-router-app-example\\hash-router-app-boilerplate\\src\\pages\\error\\index.ts","statementMap":{"0":{"start":{"line":7,"column":8},"end":{"line":7,"column":29}},"1":{"start":{"line":9,"column":8},"end":{"line":9,"column":20}},"2":{"start":{"line":13,"column":21},"end":{"line":13,"column":70}},"3":{"start":{"line":14,"column":24},"end":{"line":14,"column":53}},"4":{"start":{"line":15,"column":8},"end":{"line":15,"column":37}},"5":{"start":{"line":16,"column":26},"end":{"line":16,"column":52}},"6":{"start":{"line":18,"column":8},"end":{"line":18,"column":28}},"7":{"start":{"line":20,"column":8},"end":{"line":20,"column":36}},"8":{"start":{"line":22,"column":8},"end":{"line":24,"column":11}},"9":{"start":{"line":23,"column":12},"end":{"line":23,"column":47}}},"fnMap":{"0":{"name":"(anonymous_0)","decl":{"start":{"line":6,"column":4},"end":{"line":6,"column":5}},"loc":{"start":{"line":6,"column":32},"end":{"line":10,"column":5}},"line":6},"1":{"name":"(anonymous_1)","decl":{"start":{"line":12,"column":4},"end":{"line":12,"column":5}},"loc":{"start":{"line":12,"column":11},"end":{"line":25,"column":5}},"line":12},"2":{"name":"(anonymous_2)","decl":{"start":{"line":22,"column":30},"end":{"line":22,"column":31}},"loc":{"start":{"line":22,"column":36},"end":{"line":24,"column":9}},"line":22}},"branchMap":{},"s":{"0":0,"1":0,"2":0,"3":0,"4":0,"5":0,"6":0,"7":0,"8":0,"9":0},"f":{"0":0,"1":0,"2":0},"b":{}}
,"C:\\Users\\MF\\Desktop\\hash-router-app-example\\hash-router-app-boilerplate\\src\\pages\\garage\\index.ts": {"path":"C:\\Users\\MF\\Desktop\\hash-router-app-example\\hash-router-app-boilerplate\\src\\pages\\garage\\index.ts","statementMap":{"0":{"start":{"line":8,"column":8},"end":{"line":8,"column":43}},"1":{"start":{"line":9,"column":8},"end":{"line":9,"column":20}},"2":{"start":{"line":11,"column":8},"end":{"line":11,"column":25}},"3":{"start":{"line":15,"column":21},"end":{"line":15,"column":70}},"4":{"start":{"line":17,"column":24},"end":{"line":17,"column":53}},"5":{"start":{"line":19,"column":8},"end":{"line":19,"column":37}},"6":{"start":{"line":21,"column":26},"end":{"line":21,"column":52}},"7":{"start":{"line":23,"column":8},"end":{"line":23,"column":28}},"8":{"start":{"line":25,"column":8},"end":{"line":25,"column":36}},"9":{"start":{"line":28,"column":16},"end":{"line":31,"column":5}},"10":{"start":{"line":29,"column":21},"end":{"line":29,"column":55}},"11":{"start":{"line":30,"column":8},"end":{"line":30,"column":26}}},"fnMap":{"0":{"name":"(anonymous_0)","decl":{"start":{"line":7,"column":4},"end":{"line":7,"column":5}},"loc":{"start":{"line":7,"column":46},"end":{"line":12,"column":5}},"line":7},"1":{"name":"(anonymous_1)","decl":{"start":{"line":14,"column":4},"end":{"line":14,"column":5}},"loc":{"start":{"line":14,"column":17},"end":{"line":26,"column":5}},"line":14},"2":{"name":"(anonymous_2)","decl":{"start":{"line":28,"column":16},"end":{"line":28,"column":17}},"loc":{"start":{"line":28,"column":28},"end":{"line":31,"column":5}},"line":28}},"branchMap":{},"s":{"0":2,"1":2,"2":2,"3":3,"4":3,"5":3,"6":3,"7":3,"8":3,"9":2,"10":2,"11":2},"f":{"0":2,"1":3,"2":2},"b":{},"_coverageSchema":"1a1c01bbd47fc00a2c39e90264f33305004495a9","hash":"d367524a3ddb6f8ba4f1d8e7d7e68da573cc7573"}
,"C:\\Users\\MF\\Desktop\\hash-router-app-example\\hash-router-app-boilerplate\\src\\pages\\race\\index.ts": {"path":"C:\\Users\\MF\\Desktop\\hash-router-app-example\\hash-router-app-boilerplate\\src\\pages\\race\\index.ts","statementMap":{"0":{"start":{"line":14,"column":8},"end":{"line":14,"column":16}},"1":{"start":{"line":16,"column":8},"end":{"line":16,"column":27}},"2":{"start":{"line":18,"column":8},"end":{"line":18,"column":23}},"3":{"start":{"line":19,"column":8},"end":{"line":19,"column":22}},"4":{"start":{"line":21,"column":8},"end":{"line":21,"column":29}},"5":{"start":{"line":22,"column":8},"end":{"line":22,"column":54}},"6":{"start":{"line":24,"column":8},"end":{"line":24,"column":26}},"7":{"start":{"line":28,"column":21},"end":{"line":28,"column":70}},"8":{"start":{"line":29,"column":24},"end":{"line":29,"column":53}},"9":{"start":{"line":30,"column":8},"end":{"line":30,"column":37}},"10":{"start":{"line":31,"column":26},"end":{"line":31,"column":62}},"11":{"start":{"line":32,"column":8},"end":{"line":32,"column":28}},"12":{"start":{"line":34,"column":8},"end":{"line":34,"column":36}},"13":{"start":{"line":38,"column":8},"end":{"line":41,"column":10}},"14":{"start":{"line":39,"column":33},"end":{"line":39,"column":84}},"15":{"start":{"line":45,"column":21},"end":{"line":45,"column":55}},"16":{"start":{"line":46,"column":8},"end":{"line":46,"column":26}}},"fnMap":{"0":{"name":"(anonymous_0)","decl":{"start":{"line":13,"column":4},"end":{"line":13,"column":5}},"loc":{"start":{"line":13,"column":32},"end":{"line":25,"column":5}},"line":13},"1":{"name":"(anonymous_1)","decl":{"start":{"line":27,"column":4},"end":{"line":27,"column":5}},"loc":{"start":{"line":27,"column":27},"end":{"line":35,"column":5}},"line":27},"2":{"name":"(anonymous_2)","decl":{"start":{"line":37,"column":4},"end":{"line":37,"column":5}},"loc":{"start":{"line":37,"column":74},"end":{"line":42,"column":5}},"line":37},"3":{"name":"(anonymous_3)","decl":{"start":{"line":39,"column":12},"end":{"line":39,"column":13}},"loc":{"start":{"line":39,"column":33},"end":{"line":39,"column":84}},"line":39},"4":{"name":"(anonymous_4)","decl":{"start":{"line":44,"column":4},"end":{"line":44,"column":5}},"loc":{"start":{"line":44,"column":15},"end":{"line":47,"column":5}},"line":44}},"branchMap":{},"s":{"0":0,"1":0,"2":0,"3":0,"4":0,"5":0,"6":0,"7":0,"8":0,"9":0,"10":0,"11":0,"12":0,"13":0,"14":0,"15":0,"16":0},"f":{"0":0,"1":0,"2":0,"3":0,"4":0},"b":{}}
,"C:\\Users\\MF\\Desktop\\hash-router-app-example\\hash-router-app-boilerplate\\src\\services\\garageService.ts": {"path":"C:\\Users\\MF\\Desktop\\hash-router-app-example\\hash-router-app-boilerplate\\src\\services\\garageService.ts","statementMap":{"0":{"start":{"line":3,"column":8},"end":{"line":3,"column":20}}},"fnMap":{"0":{"name":"(anonymous_0)","decl":{"start":{"line":2,"column":4},"end":{"line":2,"column":5}},"loc":{"start":{"line":2,"column":14},"end":{"line":4,"column":5}},"line":2}},"branchMap":{},"s":{"0":1},"f":{"0":1},"b":{},"_coverageSchema":"1a1c01bbd47fc00a2c39e90264f33305004495a9","hash":"d47cc6e13b8b2bf5f9c7172a13e1d62f87d6208b"}
,"C:\\Users\\MF\\Desktop\\hash-router-app-example\\hash-router-app-boilerplate\\src\\store\\index.ts": {"path":"C:\\Users\\MF\\Desktop\\hash-router-app-example\\hash-router-app-boilerplate\\src\\store\\index.ts","statementMap":{"0":{"start":{"line":2,"column":12},"end":{"line":2,"column":21}}},"fnMap":{},"branchMap":{},"s":{"0":0},"f":{},"b":{}}
}
